# JRE version: OpenJDK Runtime Environment Temurin-17.0.2+8 (17.0.2+8) (build 17.0.2+8)
# Java VM: OpenJDK 64-Bit Server VM Temurin-17.0.2+8 (17.0.2+8, mixed mode, tiered, compressed oops, compressed class ptrs, serial gc, windows-amd64)
GC Precious Log:
 CPUs: 1 total, 1 available
 Memory: 1023M
 Large Page Support: Disabled
 NUMA Support: Disabled
 Compressed Oops: Enabled (32-bit)
 Heap Min Capacity: 8M
 Heap Initial Capacity: 16M
 Heap Max Capacity: 256M
 Pre-touch: Disabled
Heap:
 def new generation   total 4928K, used 3719K [0x00000000f0000000, 0x00000000f0550000, 0x00000000f5550000)
  eden space 4416K,  73% used [0x00000000f0000000, 0x00000000f032ed18, 0x00000000f0450000)
  from space 512K,  89% used [0x00000000f0450000, 0x00000000f04c3100, 0x00000000f04d0000)
  to   space 512K,   0% used [0x00000000f04d0000, 0x00000000f04d0000, 0x00000000f0550000)
 tenured generation   total 10944K, used 5330K [0x00000000f5550000, 0x00000000f6000000, 0x0000000100000000)
   the space 10944K,  48% used [0x00000000f5550000, 0x00000000f5a84958, 0x00000000f5a84a00, 0x00000000f6000000)
 Metaspace       used 20378K, committed 20608K, reserved 1073152K
  class space    used 1969K, committed 2048K, reserved 1048576K
GC Heap History (12 events):
Event: 5.255 GC heap before
{Heap before GC invocations=0 (full 0):
 def new generation   total 4928K, used 4416K [0x00000000f0000000, 0x00000000f0550000, 0x00000000f5550000)
  eden space 4416K, 100% used [0x00000000f0000000, 0x00000000f0450000, 0x00000000f0450000)
  from space 512K,   0% used [0x00000000f0450000, 0x00000000f0450000, 0x00000000f04d0000)
  to   space 512K,   0% used [0x00000000f04d0000, 0x00000000f04d0000, 0x00000000f0550000)
 tenured generation   total 10944K, used 0K [0x00000000f5550000, 0x00000000f6000000, 0x0000000100000000)
   the space 10944K,   0% used [0x00000000f5550000, 0x00000000f5550000, 0x00000000f5550200, 0x00000000f6000000)
 Metaspace       used 7016K, committed 7168K, reserved 1056768K
  class space    used 569K, committed 640K, reserved 1048576K
}
Event: 5.262 GC heap after
{Heap after GC invocations=1 (full 0):
 def new generation   total 4928K, used 512K [0x00000000f0000000, 0x00000000f0550000, 0x00000000f5550000)
  eden space 4416K,   0% used [0x00000000f0000000, 0x00000000f0000000, 0x00000000f0450000)
  from space 512K, 100% used [0x00000000f04d0000, 0x00000000f0550000, 0x00000000f0550000)
  to   space 512K,   0% used [0x00000000f0450000, 0x00000000f0450000, 0x00000000f04d0000)
 tenured generation   total 10944K, used 892K [0x00000000f5550000, 0x00000000f6000000, 0x0000000100000000)
   the space 10944K,   8% used [0x00000000f5550000, 0x00000000f562f2e0, 0x00000000f562f400, 0x00000000f6000000)
 Metaspace       used 7016K, committed 7168K, reserved 1056768K
  class space    used 569K, committed 640K, reserved 1048576K
}
Event: 15.328 GC heap before
{Heap before GC invocations=1 (full 0):
 def new generation   total 4928K, used 4928K [0x00000000f0000000, 0x00000000f0550000, 0x00000000f5550000)
  eden space 4416K, 100% used [0x00000000f0000000, 0x00000000f0450000, 0x00000000f0450000)
  from space 512K, 100% used [0x00000000f04d0000, 0x00000000f0550000, 0x00000000f0550000)
  to   space 512K,   0% used [0x00000000f0450000, 0x00000000f0450000, 0x00000000f04d0000)
 tenured generation   total 10944K, used 892K [0x00000000f5550000, 0x00000000f6000000, 0x0000000100000000)
   the space 10944K,   8% used [0x00000000f5550000, 0x00000000f562f2e0, 0x00000000f562f400, 0x00000000f6000000)
 Metaspace       used 10087K, committed 10240K, reserved 1064960K
  class space    used 877K, committed 960K, reserved 1048576K
}
Event: 15.333 GC heap after
{Heap after GC invocations=2 (full 0):
 def new generation   total 4928K, used 512K [0x00000000f0000000, 0x00000000f0550000, 0x00000000f5550000)
  eden space 4416K,   0% used [0x00000000f0000000, 0x00000000f0000000, 0x00000000f0450000)
  from space 512K, 100% used [0x00000000f0450000, 0x00000000f04d0000, 0x00000000f04d0000)
  to   space 512K,   0% used [0x00000000f04d0000, 0x00000000f04d0000, 0x00000000f0550000)
 tenured generation   total 10944K, used 2324K [0x00000000f5550000, 0x00000000f6000000, 0x0000000100000000)
   the space 10944K,  21% used [0x00000000f5550000, 0x00000000f57950b8, 0x00000000f5795200, 0x00000000f6000000)
 Metaspace       used 10087K, committed 10240K, reserved 1064960K
  class space    used 877K, committed 960K, reserved 1048576K
}
Event: 15.593 GC heap before
{Heap before GC invocations=2 (full 0):
 def new generation   total 4928K, used 4928K [0x00000000f0000000, 0x00000000f0550000, 0x00000000f5550000)
  eden space 4416K, 100% used [0x00000000f0000000, 0x00000000f0450000, 0x00000000f0450000)
  from space 512K, 100% used [0x00000000f0450000, 0x00000000f04d0000, 0x00000000f04d0000)
  to   space 512K,   0% used [0x00000000f04d0000, 0x00000000f04d0000, 0x00000000f0550000)
 tenured generation   total 10944K, used 2324K [0x00000000f5550000, 0x00000000f6000000, 0x0000000100000000)
   the space 10944K,  21% used [0x00000000f5550000, 0x00000000f57950b8, 0x00000000f5795200, 0x00000000f6000000)
 Metaspace       used 10643K, committed 10816K, reserved 1064960K
  class space    used 927K, committed 1024K, reserved 1048576K
}
Event: 15.611 GC heap after
{Heap after GC invocations=3 (full 0):
 def new generation   total 4928K, used 512K [0x00000000f0000000, 0x00000000f0550000, 0x00000000f5550000)
  eden space 4416K,   0% used [0x00000000f0000000, 0x00000000f0000000, 0x00000000f0450000)
  from space 512K, 100% used [0x00000000f04d0000, 0x00000000f0550000, 0x00000000f0550000)
  to   space 512K,   0% used [0x00000000f0450000, 0x00000000f0450000, 0x00000000f04d0000)
 tenured generation   total 10944K, used 3442K [0x00000000f5550000, 0x00000000f6000000, 0x0000000100000000)
   the space 10944K,  31% used [0x00000000f5550000, 0x00000000f58acb40, 0x00000000f58acc00, 0x00000000f6000000)
 Metaspace       used 10643K, committed 10816K, reserved 1064960K
  class space    used 927K, committed 1024K, reserved 1048576K
}
Event: 20.478 GC heap before
{Heap before GC invocations=3 (full 0):
 def new generation   total 4928K, used 4898K [0x00000000f0000000, 0x00000000f0550000, 0x00000000f5550000)
  eden space 4416K,  99% used [0x00000000f0000000, 0x00000000f0448830, 0x00000000f0450000)
  from space 512K, 100% used [0x00000000f04d0000, 0x00000000f0550000, 0x00000000f0550000)
  to   space 512K,   0% used [0x00000000f0450000, 0x00000000f0450000, 0x00000000f04d0000)
 tenured generation   total 10944K, used 3442K [0x00000000f5550000, 0x00000000f6000000, 0x0000000100000000)
   the space 10944K,  31% used [0x00000000f5550000, 0x00000000f58acb40, 0x00000000f58acc00, 0x00000000f6000000)
 Metaspace       used 13566K, committed 13760K, reserved 1064960K
  class space    used 1248K, committed 1344K, reserved 1048576K
}
Event: 20.483 GC heap after
{Heap after GC invocations=4 (full 0):
 def new generation   total 4928K, used 511K [0x00000000f0000000, 0x00000000f0550000, 0x00000000f5550000)
  eden space 4416K,   0% used [0x00000000f0000000, 0x00000000f0000000, 0x00000000f0450000)
  from space 512K,  99% used [0x00000000f0450000, 0x00000000f04cfff8, 0x00000000f04d0000)
  to   space 512K,   0% used [0x00000000f04d0000, 0x00000000f04d0000, 0x00000000f0550000)
 tenured generation   total 10944K, used 4262K [0x00000000f5550000, 0x00000000f6000000, 0x0000000100000000)
   the space 10944K,  38% used [0x00000000f5550000, 0x00000000f5979948, 0x00000000f5979a00, 0x00000000f6000000)
 Metaspace       used 13566K, committed 13760K, reserved 1064960K
  class space    used 1248K, committed 1344K, reserved 1048576K
}
Event: 23.850 GC heap before
{Heap before GC invocations=4 (full 0):
 def new generation   total 4928K, used 4927K [0x00000000f0000000, 0x00000000f0550000, 0x00000000f5550000)
  eden space 4416K, 100% used [0x00000000f0000000, 0x00000000f0450000, 0x00000000f0450000)
  from space 512K,  99% used [0x00000000f0450000, 0x00000000f04cfff8, 0x00000000f04d0000)
  to   space 512K,   0% used [0x00000000f04d0000, 0x00000000f04d0000, 0x00000000f0550000)
 tenured generation   total 10944K, used 4262K [0x00000000f5550000, 0x00000000f6000000, 0x0000000100000000)
   the space 10944K,  38% used [0x00000000f5550000, 0x00000000f5979948, 0x00000000f5979a00, 0x00000000f6000000)
 Metaspace       used 15728K, committed 15936K, reserved 1064960K
  class space    used 1482K, committed 1600K, reserved 1048576K
}
Event: 23.894 GC heap after
{Heap after GC invocations=5 (full 0):
 def new generation   total 4928K, used 512K [0x00000000f0000000, 0x00000000f0550000, 0x00000000f5550000)
  eden space 4416K,   0% used [0x00000000f0000000, 0x00000000f0000000, 0x00000000f0450000)
  from space 512K, 100% used [0x00000000f04d0000, 0x00000000f0550000, 0x00000000f0550000)
  to   space 512K,   0% used [0x00000000f0450000, 0x00000000f0450000, 0x00000000f04d0000)
 tenured generation   total 10944K, used 4827K [0x00000000f5550000, 0x00000000f6000000, 0x0000000100000000)
   the space 10944K,  44% used [0x00000000f5550000, 0x00000000f5a06c10, 0x00000000f5a06e00, 0x00000000f6000000)
 Metaspace       used 15728K, committed 15936K, reserved 1064960K
  class space    used 1482K, committed 1600K, reserved 1048576K
}
Event: 34.821 GC heap before
{Heap before GC invocations=5 (full 0):
 def new generation   total 4928K, used 4928K [0x00000000f0000000, 0x00000000f0550000, 0x00000000f5550000)
  eden space 4416K, 100% used [0x00000000f0000000, 0x00000000f0450000, 0x00000000f0450000)
  from space 512K, 100% used [0x00000000f04d0000, 0x00000000f0550000, 0x00000000f0550000)
  to   space 512K,   0% used [0x00000000f0450000, 0x00000000f0450000, 0x00000000f04d0000)
 tenured generation   total 10944K, used 4827K [0x00000000f5550000, 0x00000000f6000000, 0x0000000100000000)
   the space 10944K,  44% used [0x00000000f5550000, 0x00000000f5a06c10, 0x00000000f5a06e00, 0x00000000f6000000)
 Metaspace       used 19388K, committed 19584K, reserved 1073152K
  class space    used 1891K, committed 1984K, reserved 1048576K
}
Event: 34.829 GC heap after
{Heap after GC invocations=6 (full 0):
 def new generation   total 4928K, used 460K [0x00000000f0000000, 0x00000000f0550000, 0x00000000f5550000)
  eden space 4416K,   0% used [0x00000000f0000000, 0x00000000f0000000, 0x00000000f0450000)
  from space 512K,  89% used [0x00000000f0450000, 0x00000000f04c3100, 0x00000000f04d0000)
  to   space 512K,   0% used [0x00000000f04d0000, 0x00000000f04d0000, 0x00000000f0550000)
 tenured generation   total 10944K, used 5330K [0x00000000f5550000, 0x00000000f6000000, 0x0000000100000000)
   the space 10944K,  48% used [0x00000000f5550000, 0x00000000f5a84958, 0x00000000f5a84a00, 0x00000000f6000000)
 Metaspace       used 19388K, committed 19584K, reserved 1073152K
  class space    used 1891K, committed 1984K, reserved 1048576K
}

