# JRE version: OpenJDK Runtime Environment Temurin-17.0.2+8 (17.0.2+8) (build 17.0.2+8)
# Java VM: OpenJDK 64-Bit Server VM Temurin-17.0.2+8 (17.0.2+8, mixed mode, tiered, compressed oops, compressed class ptrs, serial gc, windows-amd64)
GC Precious Log:
 CPUs: 1 total, 1 available
 Memory: 1023M
 Large Page Support: Disabled
 NUMA Support: Disabled
 Compressed Oops: Enabled (32-bit)
 Heap Min Capacity: 8M
 Heap Initial Capacity: 16M
 Heap Max Capacity: 256M
 Pre-touch: Disabled
Heap:
 def new generation   total 4928K, used 2522K [0x00000000f0000000, 0x00000000f0550000, 0x00000000f5550000)
  eden space 4416K,  45% used [0x00000000f0000000, 0x00000000f01f6970, 0x00000000f0450000)
  from space 512K, 100% used [0x00000000f04d0000, 0x00000000f0550000, 0x00000000f0550000)
  to   space 512K,   0% used [0x00000000f0450000, 0x00000000f0450000, 0x00000000f04d0000)
 tenured generation   total 10944K, used 5855K [0x00000000f5550000, 0x00000000f6000000, 0x0000000100000000)
   the space 10944K,  53% used [0x00000000f5550000, 0x00000000f5b07c58, 0x00000000f5922e00, 0x00000000f6000000)
 Metaspace       used 21306K, committed 21504K, reserved 1073152K
  class space    used 2047K, committed 2176K, reserved 1048576K
GC Heap History (12 events):
Event: 5.156 GC heap before
{Heap before GC invocations=0 (full 0):
 def new generation   total 4928K, used 4394K [0x00000000f0000000, 0x00000000f0550000, 0x00000000f5550000)
  eden space 4416K,  99% used [0x00000000f0000000, 0x00000000f044a838, 0x00000000f0450000)
  from space 512K,   0% used [0x00000000f0450000, 0x00000000f0450000, 0x00000000f04d0000)
  to   space 512K,   0% used [0x00000000f04d0000, 0x00000000f04d0000, 0x00000000f0550000)
 tenured generation   total 10944K, used 0K [0x00000000f5550000, 0x00000000f6000000, 0x0000000100000000)
   the space 10944K,   0% used [0x00000000f5550000, 0x00000000f5550000, 0x00000000f5550200, 0x00000000f6000000)
 Metaspace       used 6998K, committed 7168K, reserved 1056768K
  class space    used 569K, committed 640K, reserved 1048576K
}
Event: 5.161 GC heap after
{Heap after GC invocations=1 (full 0):
 def new generation   total 4928K, used 511K [0x00000000f0000000, 0x00000000f0550000, 0x00000000f5550000)
  eden space 4416K,   0% used [0x00000000f0000000, 0x00000000f0000000, 0x00000000f0450000)
  from space 512K,  99% used [0x00000000f04d0000, 0x00000000f054fff8, 0x00000000f0550000)
  to   space 512K,   0% used [0x00000000f0450000, 0x00000000f0450000, 0x00000000f04d0000)
 tenured generation   total 10944K, used 892K [0x00000000f5550000, 0x00000000f6000000, 0x0000000100000000)
   the space 10944K,   8% used [0x00000000f5550000, 0x00000000f562f200, 0x00000000f562f200, 0x00000000f6000000)
 Metaspace       used 6998K, committed 7168K, reserved 1056768K
  class space    used 569K, committed 640K, reserved 1048576K
}
Event: 15.702 GC heap before
{Heap before GC invocations=1 (full 0):
 def new generation   total 4928K, used 4927K [0x00000000f0000000, 0x00000000f0550000, 0x00000000f5550000)
  eden space 4416K, 100% used [0x00000000f0000000, 0x00000000f0450000, 0x00000000f0450000)
  from space 512K,  99% used [0x00000000f04d0000, 0x00000000f054fff8, 0x00000000f0550000)
  to   space 512K,   0% used [0x00000000f0450000, 0x00000000f0450000, 0x00000000f04d0000)
 tenured generation   total 10944K, used 892K [0x00000000f5550000, 0x00000000f6000000, 0x0000000100000000)
   the space 10944K,   8% used [0x00000000f5550000, 0x00000000f562f200, 0x00000000f562f200, 0x00000000f6000000)
 Metaspace       used 10120K, committed 10304K, reserved 1064960K
  class space    used 883K, committed 960K, reserved 1048576K
}
Event: 15.708 GC heap after
{Heap after GC invocations=2 (full 0):
 def new generation   total 4928K, used 511K [0x00000000f0000000, 0x00000000f0550000, 0x00000000f5550000)
  eden space 4416K,   0% used [0x00000000f0000000, 0x00000000f0000000, 0x00000000f0450000)
  from space 512K,  99% used [0x00000000f0450000, 0x00000000f04cfff8, 0x00000000f04d0000)
  to   space 512K,   0% used [0x00000000f04d0000, 0x00000000f04d0000, 0x00000000f0550000)
 tenured generation   total 10944K, used 2326K [0x00000000f5550000, 0x00000000f6000000, 0x0000000100000000)
   the space 10944K,  21% used [0x00000000f5550000, 0x00000000f57958c0, 0x00000000f5795a00, 0x00000000f6000000)
 Metaspace       used 10120K, committed 10304K, reserved 1064960K
  class space    used 883K, committed 960K, reserved 1048576K
}
Event: 15.947 GC heap before
{Heap before GC invocations=2 (full 0):
 def new generation   total 4928K, used 4927K [0x00000000f0000000, 0x00000000f0550000, 0x00000000f5550000)
  eden space 4416K, 100% used [0x00000000f0000000, 0x00000000f0450000, 0x00000000f0450000)
  from space 512K,  99% used [0x00000000f0450000, 0x00000000f04cfff8, 0x00000000f04d0000)
  to   space 512K,   0% used [0x00000000f04d0000, 0x00000000f04d0000, 0x00000000f0550000)
 tenured generation   total 10944K, used 2326K [0x00000000f5550000, 0x00000000f6000000, 0x0000000100000000)
   the space 10944K,  21% used [0x00000000f5550000, 0x00000000f57958c0, 0x00000000f5795a00, 0x00000000f6000000)
 Metaspace       used 10644K, committed 10816K, reserved 1064960K
  class space    used 927K, committed 1024K, reserved 1048576K
}
Event: 15.966 GC heap after
{Heap after GC invocations=3 (full 0):
 def new generation   total 4928K, used 512K [0x00000000f0000000, 0x00000000f0550000, 0x00000000f5550000)
  eden space 4416K,   0% used [0x00000000f0000000, 0x00000000f0000000, 0x00000000f0450000)
  from space 512K, 100% used [0x00000000f04d0000, 0x00000000f0550000, 0x00000000f0550000)
  to   space 512K,   0% used [0x00000000f0450000, 0x00000000f0450000, 0x00000000f04d0000)
 tenured generation   total 10944K, used 3443K [0x00000000f5550000, 0x00000000f6000000, 0x0000000100000000)
   the space 10944K,  31% used [0x00000000f5550000, 0x00000000f58acd28, 0x00000000f58ace00, 0x00000000f6000000)
 Metaspace       used 10644K, committed 10816K, reserved 1064960K
  class space    used 927K, committed 1024K, reserved 1048576K
}
Event: 20.445 GC heap before
{Heap before GC invocations=3 (full 0):
 def new generation   total 4928K, used 4915K [0x00000000f0000000, 0x00000000f0550000, 0x00000000f5550000)
  eden space 4416K,  99% used [0x00000000f0000000, 0x00000000f044cd20, 0x00000000f0450000)
  from space 512K, 100% used [0x00000000f04d0000, 0x00000000f0550000, 0x00000000f0550000)
  to   space 512K,   0% used [0x00000000f0450000, 0x00000000f0450000, 0x00000000f04d0000)
 tenured generation   total 10944K, used 3443K [0x00000000f5550000, 0x00000000f6000000, 0x0000000100000000)
   the space 10944K,  31% used [0x00000000f5550000, 0x00000000f58acd28, 0x00000000f58ace00, 0x00000000f6000000)
 Metaspace       used 13566K, committed 13760K, reserved 1064960K
  class space    used 1248K, committed 1344K, reserved 1048576K
}
Event: 20.449 GC heap after
{Heap after GC invocations=4 (full 0):
 def new generation   total 4928K, used 512K [0x00000000f0000000, 0x00000000f0550000, 0x00000000f5550000)
  eden space 4416K,   0% used [0x00000000f0000000, 0x00000000f0000000, 0x00000000f0450000)
  from space 512K, 100% used [0x00000000f0450000, 0x00000000f04d0000, 0x00000000f04d0000)
  to   space 512K,   0% used [0x00000000f04d0000, 0x00000000f04d0000, 0x00000000f0550000)
 tenured generation   total 10944K, used 4262K [0x00000000f5550000, 0x00000000f6000000, 0x0000000100000000)
   the space 10944K,  38% used [0x00000000f5550000, 0x00000000f5979a10, 0x00000000f5979c00, 0x00000000f6000000)
 Metaspace       used 13566K, committed 13760K, reserved 1064960K
  class space    used 1248K, committed 1344K, reserved 1048576K
}
Event: 23.872 GC heap before
{Heap before GC invocations=4 (full 0):
 def new generation   total 4928K, used 4928K [0x00000000f0000000, 0x00000000f0550000, 0x00000000f5550000)
  eden space 4416K, 100% used [0x00000000f0000000, 0x00000000f0450000, 0x00000000f0450000)
  from space 512K, 100% used [0x00000000f0450000, 0x00000000f04d0000, 0x00000000f04d0000)
  to   space 512K,   0% used [0x00000000f04d0000, 0x00000000f04d0000, 0x00000000f0550000)
 tenured generation   total 10944K, used 4262K [0x00000000f5550000, 0x00000000f6000000, 0x0000000100000000)
   the space 10944K,  38% used [0x00000000f5550000, 0x00000000f5979a10, 0x00000000f5979c00, 0x00000000f6000000)
 Metaspace       used 15731K, committed 15936K, reserved 1064960K
  class space    used 1482K, committed 1600K, reserved 1048576K
}
Event: 23.893 GC heap after
{Heap after GC invocations=5 (full 0):
 def new generation   total 4928K, used 512K [0x00000000f0000000, 0x00000000f0550000, 0x00000000f5550000)
  eden space 4416K,   0% used [0x00000000f0000000, 0x00000000f0000000, 0x00000000f0450000)
  from space 512K, 100% used [0x00000000f04d0000, 0x00000000f0550000, 0x00000000f0550000)
  to   space 512K,   0% used [0x00000000f0450000, 0x00000000f0450000, 0x00000000f04d0000)
 tenured generation   total 10944K, used 4825K [0x00000000f5550000, 0x00000000f6000000, 0x0000000100000000)
   the space 10944K,  44% used [0x00000000f5550000, 0x00000000f5a064b0, 0x00000000f5a06600, 0x00000000f6000000)
 Metaspace       used 15731K, committed 15936K, reserved 1064960K
  class space    used 1482K, committed 1600K, reserved 1048576K
}
Event: 34.737 GC heap before
{Heap before GC invocations=5 (full 0):
 def new generation   total 4928K, used 4928K [0x00000000f0000000, 0x00000000f0550000, 0x00000000f5550000)
  eden space 4416K, 100% used [0x00000000f0000000, 0x00000000f0450000, 0x00000000f0450000)
  from space 512K, 100% used [0x00000000f04d0000, 0x00000000f0550000, 0x00000000f0550000)
  to   space 512K,   0% used [0x00000000f0450000, 0x00000000f0450000, 0x00000000f04d0000)
 tenured generation   total 10944K, used 4825K [0x00000000f5550000, 0x00000000f6000000, 0x0000000100000000)
   the space 10944K,  44% used [0x00000000f5550000, 0x00000000f5a064b0, 0x00000000f5a06600, 0x00000000f6000000)
 Metaspace       used 19380K, committed 19584K, reserved 1073152K
  class space    used 1886K, committed 1984K, reserved 1048576K
}
Event: 34.742 GC heap after
{Heap after GC invocations=6 (full 0):
 def new generation   total 4928K, used 512K [0x00000000f0000000, 0x00000000f0550000, 0x00000000f5550000)
  eden space 4416K,   0% used [0x00000000f0000000, 0x00000000f0000000, 0x00000000f0450000)
  from space 512K, 100% used [0x00000000f0450000, 0x00000000f04d0000, 0x00000000f04d0000)
  to   space 512K,   0% used [0x00000000f04d0000, 0x00000000f04d0000, 0x00000000f0550000)
 tenured generation   total 10944K, used 5370K [0x00000000f5550000, 0x00000000f6000000, 0x0000000100000000)
   the space 10944K,  49% used [0x00000000f5550000, 0x00000000f5a8eac0, 0x00000000f5a8ec00, 0x00000000f6000000)
 Metaspace       used 19380K, committed 19584K, reserved 1073152K
  class space    used 1886K, committed 1984K, reserved 1048576K
}

