# JRE version: OpenJDK Runtime Environment Temurin-17.0.2+8 (17.0.2+8) (build 17.0.2+8)
# Java VM: OpenJDK 64-Bit Server VM Temurin-17.0.2+8 (17.0.2+8, mixed mode, tiered, compressed oops, compressed class ptrs, serial gc, windows-amd64)
GC Precious Log:
 CPUs: 1 total, 1 available
 Memory: 1023M
 Large Page Support: Disabled
 NUMA Support: Disabled
 Compressed Oops: Enabled (32-bit)
 Heap Min Capacity: 8M
 Heap Initial Capacity: 16M
 Heap Max Capacity: 256M
 Pre-touch: Disabled
Heap:
 def new generation   total 4928K, used 3647K [0x00000000f0000000, 0x00000000f0550000, 0x00000000f5550000)
  eden space 4416K,  70% used [0x00000000f0000000, 0x00000000f030fd30, 0x00000000f0450000)
  from space 512K, 100% used [0x00000000f04d0000, 0x00000000f0550000, 0x00000000f0550000)
  to   space 512K,   0% used [0x00000000f0450000, 0x00000000f0450000, 0x00000000f04d0000)
 tenured generation   total 10944K, used 3429K [0x00000000f5550000, 0x00000000f6000000, 0x0000000100000000)
   the space 10944K,  31% used [0x00000000f5550000, 0x00000000f58a9548, 0x00000000f58a9600, 0x00000000f6000000)
 Metaspace       used 12832K, committed 12992K, reserved 1064960K
  class space    used 1190K, committed 1280K, reserved 1048576K
GC Heap History (6 events):
Event: 5.269 GC heap before
{Heap before GC invocations=0 (full 0):
 def new generation   total 4928K, used 4399K [0x00000000f0000000, 0x00000000f0550000, 0x00000000f5550000)
  eden space 4416K,  99% used [0x00000000f0000000, 0x00000000f044be18, 0x00000000f0450000)
  from space 512K,   0% used [0x00000000f0450000, 0x00000000f0450000, 0x00000000f04d0000)
  to   space 512K,   0% used [0x00000000f04d0000, 0x00000000f04d0000, 0x00000000f0550000)
 tenured generation   total 10944K, used 0K [0x00000000f5550000, 0x00000000f6000000, 0x0000000100000000)
   the space 10944K,   0% used [0x00000000f5550000, 0x00000000f5550000, 0x00000000f5550200, 0x00000000f6000000)
 Metaspace       used 7016K, committed 7168K, reserved 1056768K
  class space    used 569K, committed 640K, reserved 1048576K
}
Event: 5.274 GC heap after
{Heap after GC invocations=1 (full 0):
 def new generation   total 4928K, used 512K [0x00000000f0000000, 0x00000000f0550000, 0x00000000f5550000)
  eden space 4416K,   0% used [0x00000000f0000000, 0x00000000f0000000, 0x00000000f0450000)
  from space 512K, 100% used [0x00000000f04d0000, 0x00000000f0550000, 0x00000000f0550000)
  to   space 512K,   0% used [0x00000000f0450000, 0x00000000f0450000, 0x00000000f04d0000)
 tenured generation   total 10944K, used 892K [0x00000000f5550000, 0x00000000f6000000, 0x0000000100000000)
   the space 10944K,   8% used [0x00000000f5550000, 0x00000000f562f2e0, 0x00000000f562f400, 0x00000000f6000000)
 Metaspace       used 7016K, committed 7168K, reserved 1056768K
  class space    used 569K, committed 640K, reserved 1048576K
}
Event: 14.280 GC heap before
{Heap before GC invocations=1 (full 0):
 def new generation   total 4928K, used 4928K [0x00000000f0000000, 0x00000000f0550000, 0x00000000f5550000)
  eden space 4416K, 100% used [0x00000000f0000000, 0x00000000f0450000, 0x00000000f0450000)
  from space 512K, 100% used [0x00000000f04d0000, 0x00000000f0550000, 0x00000000f0550000)
  to   space 512K,   0% used [0x00000000f0450000, 0x00000000f0450000, 0x00000000f04d0000)
 tenured generation   total 10944K, used 892K [0x00000000f5550000, 0x00000000f6000000, 0x0000000100000000)
   the space 10944K,   8% used [0x00000000f5550000, 0x00000000f562f2e0, 0x00000000f562f400, 0x00000000f6000000)
 Metaspace       used 10011K, committed 10176K, reserved 1064960K
  class space    used 870K, committed 960K, reserved 1048576K
}
Event: 14.290 GC heap after
{Heap after GC invocations=2 (full 0):
 def new generation   total 4928K, used 512K [0x00000000f0000000, 0x00000000f0550000, 0x00000000f5550000)
  eden space 4416K,   0% used [0x00000000f0000000, 0x00000000f0000000, 0x00000000f0450000)
  from space 512K, 100% used [0x00000000f0450000, 0x00000000f04d0000, 0x00000000f04d0000)
  to   space 512K,   0% used [0x00000000f04d0000, 0x00000000f04d0000, 0x00000000f0550000)
 tenured generation   total 10944K, used 2309K [0x00000000f5550000, 0x00000000f6000000, 0x0000000100000000)
   the space 10944K,  21% used [0x00000000f5550000, 0x00000000f5791510, 0x00000000f5791600, 0x00000000f6000000)
 Metaspace       used 10011K, committed 10176K, reserved 1064960K
  class space    used 870K, committed 960K, reserved 1048576K
}
Event: 14.457 GC heap before
{Heap before GC invocations=2 (full 0):
 def new generation   total 4928K, used 4928K [0x00000000f0000000, 0x00000000f0550000, 0x00000000f5550000)
  eden space 4416K, 100% used [0x00000000f0000000, 0x00000000f0450000, 0x00000000f0450000)
  from space 512K, 100% used [0x00000000f0450000, 0x00000000f04d0000, 0x00000000f04d0000)
  to   space 512K,   0% used [0x00000000f04d0000, 0x00000000f04d0000, 0x00000000f0550000)
 tenured generation   total 10944K, used 2309K [0x00000000f5550000, 0x00000000f6000000, 0x0000000100000000)
   the space 10944K,  21% used [0x00000000f5550000, 0x00000000f5791510, 0x00000000f5791600, 0x00000000f6000000)
 Metaspace       used 10544K, committed 10688K, reserved 1064960K
  class space    used 929K, committed 1024K, reserved 1048576K
}
Event: 14.460 GC heap after
{Heap after GC invocations=3 (full 0):
 def new generation   total 4928K, used 512K [0x00000000f0000000, 0x00000000f0550000, 0x00000000f5550000)
  eden space 4416K,   0% used [0x00000000f0000000, 0x00000000f0000000, 0x00000000f0450000)
  from space 512K, 100% used [0x00000000f04d0000, 0x00000000f0550000, 0x00000000f0550000)
  to   space 512K,   0% used [0x00000000f0450000, 0x00000000f0450000, 0x00000000f04d0000)
 tenured generation   total 10944K, used 3429K [0x00000000f5550000, 0x00000000f6000000, 0x0000000100000000)
   the space 10944K,  31% used [0x00000000f5550000, 0x00000000f58a9548, 0x00000000f58a9600, 0x00000000f6000000)
 Metaspace       used 10544K, committed 10688K, reserved 1064960K
  class space    used 929K, committed 1024K, reserved 1048576K
}

