# JRE version: OpenJDK Runtime Environment Temurin-17.0.2+8 (17.0.2+8) (build 17.0.2+8)
# Java VM: OpenJDK 64-Bit Server VM Temurin-17.0.2+8 (17.0.2+8, mixed mode, tiered, compressed oops, compressed class ptrs, serial gc, windows-amd64)
GC Precious Log:
 CPUs: 1 total, 1 available
 Memory: 1023M
 Large Page Support: Disabled
 NUMA Support: Disabled
 Compressed Oops: Enabled (32-bit)
 Heap Min Capacity: 8M
 Heap Initial Capacity: 16M
 Heap Max Capacity: 256M
 Pre-touch: Disabled
Heap:
 def new generation   total 4928K, used 3864K [0x00000000f0000000, 0x00000000f0550000, 0x00000000f5550000)
  eden space 4416K,  75% used [0x00000000f0000000, 0x00000000f0346198, 0x00000000f0450000)
  from space 512K, 100% used [0x00000000f0450000, 0x00000000f04d0000, 0x00000000f04d0000)
  to   space 512K,   0% used [0x00000000f04d0000, 0x00000000f04d0000, 0x00000000f0550000)
 tenured generation   total 10944K, used 5347K [0x00000000f5550000, 0x00000000f6000000, 0x0000000100000000)
   the space 10944K,  48% used [0x00000000f5550000, 0x00000000f5a88ec0, 0x00000000f5a89000, 0x00000000f6000000)
 Metaspace       used 20200K, committed 20352K, reserved 1073152K
  class space    used 1964K, committed 2048K, reserved 1048576K
GC Heap History (12 events):
Event: 5.456 GC heap before
{Heap before GC invocations=0 (full 0):
 def new generation   total 4928K, used 4401K [0x00000000f0000000, 0x00000000f0550000, 0x00000000f5550000)
  eden space 4416K,  99% used [0x00000000f0000000, 0x00000000f044c578, 0x00000000f0450000)
  from space 512K,   0% used [0x00000000f0450000, 0x00000000f0450000, 0x00000000f04d0000)
  to   space 512K,   0% used [0x00000000f04d0000, 0x00000000f04d0000, 0x00000000f0550000)
 tenured generation   total 10944K, used 0K [0x00000000f5550000, 0x00000000f6000000, 0x0000000100000000)
   the space 10944K,   0% used [0x00000000f5550000, 0x00000000f5550000, 0x00000000f5550200, 0x00000000f6000000)
 Metaspace       used 7015K, committed 7168K, reserved 1056768K
  class space    used 569K, committed 640K, reserved 1048576K
}
Event: 5.461 GC heap after
{Heap after GC invocations=1 (full 0):
 def new generation   total 4928K, used 512K [0x00000000f0000000, 0x00000000f0550000, 0x00000000f5550000)
  eden space 4416K,   0% used [0x00000000f0000000, 0x00000000f0000000, 0x00000000f0450000)
  from space 512K, 100% used [0x00000000f04d0000, 0x00000000f0550000, 0x00000000f0550000)
  to   space 512K,   0% used [0x00000000f0450000, 0x00000000f0450000, 0x00000000f04d0000)
 tenured generation   total 10944K, used 892K [0x00000000f5550000, 0x00000000f6000000, 0x0000000100000000)
   the space 10944K,   8% used [0x00000000f5550000, 0x00000000f562f2e0, 0x00000000f562f400, 0x00000000f6000000)
 Metaspace       used 7015K, committed 7168K, reserved 1056768K
  class space    used 569K, committed 640K, reserved 1048576K
}
Event: 14.851 GC heap before
{Heap before GC invocations=1 (full 0):
 def new generation   total 4928K, used 4928K [0x00000000f0000000, 0x00000000f0550000, 0x00000000f5550000)
  eden space 4416K, 100% used [0x00000000f0000000, 0x00000000f0450000, 0x00000000f0450000)
  from space 512K, 100% used [0x00000000f04d0000, 0x00000000f0550000, 0x00000000f0550000)
  to   space 512K,   0% used [0x00000000f0450000, 0x00000000f0450000, 0x00000000f04d0000)
 tenured generation   total 10944K, used 892K [0x00000000f5550000, 0x00000000f6000000, 0x0000000100000000)
   the space 10944K,   8% used [0x00000000f5550000, 0x00000000f562f2e0, 0x00000000f562f400, 0x00000000f6000000)
 Metaspace       used 9592K, committed 9728K, reserved 1064960K
  class space    used 834K, committed 896K, reserved 1048576K
}
Event: 14.856 GC heap after
{Heap after GC invocations=2 (full 0):
 def new generation   total 4928K, used 512K [0x00000000f0000000, 0x00000000f0550000, 0x00000000f5550000)
  eden space 4416K,   0% used [0x00000000f0000000, 0x00000000f0000000, 0x00000000f0450000)
  from space 512K, 100% used [0x00000000f0450000, 0x00000000f04d0000, 0x00000000f04d0000)
  to   space 512K,   0% used [0x00000000f04d0000, 0x00000000f04d0000, 0x00000000f0550000)
 tenured generation   total 10944K, used 2298K [0x00000000f5550000, 0x00000000f6000000, 0x0000000100000000)
   the space 10944K,  20% used [0x00000000f5550000, 0x00000000f578e8a0, 0x00000000f578ea00, 0x00000000f6000000)
 Metaspace       used 9592K, committed 9728K, reserved 1064960K
  class space    used 834K, committed 896K, reserved 1048576K
}
Event: 15.019 GC heap before
{Heap before GC invocations=2 (full 0):
 def new generation   total 4928K, used 4928K [0x00000000f0000000, 0x00000000f0550000, 0x00000000f5550000)
  eden space 4416K, 100% used [0x00000000f0000000, 0x00000000f0450000, 0x00000000f0450000)
  from space 512K, 100% used [0x00000000f0450000, 0x00000000f04d0000, 0x00000000f04d0000)
  to   space 512K,   0% used [0x00000000f04d0000, 0x00000000f04d0000, 0x00000000f0550000)
 tenured generation   total 10944K, used 2298K [0x00000000f5550000, 0x00000000f6000000, 0x0000000100000000)
   the space 10944K,  20% used [0x00000000f5550000, 0x00000000f578e8a0, 0x00000000f578ea00, 0x00000000f6000000)
 Metaspace       used 10667K, committed 10880K, reserved 1064960K
  class space    used 935K, committed 1024K, reserved 1048576K
}
Event: 15.136 GC heap after
{Heap after GC invocations=3 (full 0):
 def new generation   total 4928K, used 512K [0x00000000f0000000, 0x00000000f0550000, 0x00000000f5550000)
  eden space 4416K,   0% used [0x00000000f0000000, 0x00000000f0000000, 0x00000000f0450000)
  from space 512K, 100% used [0x00000000f04d0000, 0x00000000f0550000, 0x00000000f0550000)
  to   space 512K,   0% used [0x00000000f0450000, 0x00000000f0450000, 0x00000000f04d0000)
 tenured generation   total 10944K, used 3431K [0x00000000f5550000, 0x00000000f6000000, 0x0000000100000000)
   the space 10944K,  31% used [0x00000000f5550000, 0x00000000f58a9d98, 0x00000000f58a9e00, 0x00000000f6000000)
 Metaspace       used 10667K, committed 10880K, reserved 1064960K
  class space    used 935K, committed 1024K, reserved 1048576K
}
Event: 20.416 GC heap before
{Heap before GC invocations=3 (full 0):
 def new generation   total 4928K, used 4924K [0x00000000f0000000, 0x00000000f0550000, 0x00000000f5550000)
  eden space 4416K,  99% used [0x00000000f0000000, 0x00000000f044f138, 0x00000000f0450000)
  from space 512K, 100% used [0x00000000f04d0000, 0x00000000f0550000, 0x00000000f0550000)
  to   space 512K,   0% used [0x00000000f0450000, 0x00000000f0450000, 0x00000000f04d0000)
 tenured generation   total 10944K, used 3431K [0x00000000f5550000, 0x00000000f6000000, 0x0000000100000000)
   the space 10944K,  31% used [0x00000000f5550000, 0x00000000f58a9d98, 0x00000000f58a9e00, 0x00000000f6000000)
 Metaspace       used 13567K, committed 13760K, reserved 1064960K
  class space    used 1248K, committed 1344K, reserved 1048576K
}
Event: 20.421 GC heap after
{Heap after GC invocations=4 (full 0):
 def new generation   total 4928K, used 512K [0x00000000f0000000, 0x00000000f0550000, 0x00000000f5550000)
  eden space 4416K,   0% used [0x00000000f0000000, 0x00000000f0000000, 0x00000000f0450000)
  from space 512K, 100% used [0x00000000f0450000, 0x00000000f04d0000, 0x00000000f04d0000)
  to   space 512K,   0% used [0x00000000f04d0000, 0x00000000f04d0000, 0x00000000f0550000)
 tenured generation   total 10944K, used 4260K [0x00000000f5550000, 0x00000000f6000000, 0x0000000100000000)
   the space 10944K,  38% used [0x00000000f5550000, 0x00000000f59792a0, 0x00000000f5979400, 0x00000000f6000000)
 Metaspace       used 13567K, committed 13760K, reserved 1064960K
  class space    used 1248K, committed 1344K, reserved 1048576K
}
Event: 23.864 GC heap before
{Heap before GC invocations=4 (full 0):
 def new generation   total 4928K, used 4928K [0x00000000f0000000, 0x00000000f0550000, 0x00000000f5550000)
  eden space 4416K, 100% used [0x00000000f0000000, 0x00000000f0450000, 0x00000000f0450000)
  from space 512K, 100% used [0x00000000f0450000, 0x00000000f04d0000, 0x00000000f04d0000)
  to   space 512K,   0% used [0x00000000f04d0000, 0x00000000f04d0000, 0x00000000f0550000)
 tenured generation   total 10944K, used 4260K [0x00000000f5550000, 0x00000000f6000000, 0x0000000100000000)
   the space 10944K,  38% used [0x00000000f5550000, 0x00000000f59792a0, 0x00000000f5979400, 0x00000000f6000000)
 Metaspace       used 15731K, committed 15936K, reserved 1064960K
  class space    used 1483K, committed 1600K, reserved 1048576K
}
Event: 23.889 GC heap after
{Heap after GC invocations=5 (full 0):
 def new generation   total 4928K, used 511K [0x00000000f0000000, 0x00000000f0550000, 0x00000000f5550000)
  eden space 4416K,   0% used [0x00000000f0000000, 0x00000000f0000000, 0x00000000f0450000)
  from space 512K,  99% used [0x00000000f04d0000, 0x00000000f054fff8, 0x00000000f0550000)
  to   space 512K,   0% used [0x00000000f0450000, 0x00000000f0450000, 0x00000000f04d0000)
 tenured generation   total 10944K, used 4826K [0x00000000f5550000, 0x00000000f6000000, 0x0000000100000000)
   the space 10944K,  44% used [0x00000000f5550000, 0x00000000f5a06820, 0x00000000f5a06a00, 0x00000000f6000000)
 Metaspace       used 15731K, committed 15936K, reserved 1064960K
  class space    used 1483K, committed 1600K, reserved 1048576K
}
Event: 33.339 GC heap before
{Heap before GC invocations=5 (full 0):
 def new generation   total 4928K, used 4845K [0x00000000f0000000, 0x00000000f0550000, 0x00000000f5550000)
  eden space 4416K,  98% used [0x00000000f0000000, 0x00000000f043b728, 0x00000000f0450000)
  from space 512K,  99% used [0x00000000f04d0000, 0x00000000f054fff8, 0x00000000f0550000)
  to   space 512K,   0% used [0x00000000f0450000, 0x00000000f0450000, 0x00000000f04d0000)
 tenured generation   total 10944K, used 4826K [0x00000000f5550000, 0x00000000f6000000, 0x0000000100000000)
   the space 10944K,  44% used [0x00000000f5550000, 0x00000000f5a06820, 0x00000000f5a06a00, 0x00000000f6000000)
 Metaspace       used 19237K, committed 19392K, reserved 1073152K
  class space    used 1888K, committed 1984K, reserved 1048576K
}
Event: 33.366 GC heap after
{Heap after GC invocations=6 (full 0):
 def new generation   total 4928K, used 512K [0x00000000f0000000, 0x00000000f0550000, 0x00000000f5550000)
  eden space 4416K,   0% used [0x00000000f0000000, 0x00000000f0000000, 0x00000000f0450000)
  from space 512K, 100% used [0x00000000f0450000, 0x00000000f04d0000, 0x00000000f04d0000)
  to   space 512K,   0% used [0x00000000f04d0000, 0x00000000f04d0000, 0x00000000f0550000)
 tenured generation   total 10944K, used 5347K [0x00000000f5550000, 0x00000000f6000000, 0x0000000100000000)
   the space 10944K,  48% used [0x00000000f5550000, 0x00000000f5a88ec0, 0x00000000f5a89000, 0x00000000f6000000)
 Metaspace       used 19237K, committed 19392K, reserved 1073152K
  class space    used 1888K, committed 1984K, reserved 1048576K
}

