# JRE version: OpenJDK Runtime Environment Temurin-17.0.2+8 (17.0.2+8) (build 17.0.2+8)
# Java VM: OpenJDK 64-Bit Server VM Temurin-17.0.2+8 (17.0.2+8, mixed mode, tiered, compressed oops, compressed class ptrs, serial gc, windows-amd64)
GC Precious Log:
 CPUs: 1 total, 1 available
 Memory: 1023M
 Large Page Support: Disabled
 NUMA Support: Disabled
 Compressed Oops: Enabled (32-bit)
 Heap Min Capacity: 8M
 Heap Initial Capacity: 16M
 Heap Max Capacity: 256M
 Pre-touch: Disabled
Heap:
 def new generation   total 10432K, used 8548K [0x00000000f0000000, 0x00000000f0b50000, 0x00000000f5550000)
  eden space 9280K,  90% used [0x00000000f0000000, 0x00000000f082d078, 0x00000000f0910000)
  from space 1152K,  15% used [0x00000000f0a30000, 0x00000000f0a5bfa8, 0x00000000f0b50000)
  to   space 1152K,   0% used [0x00000000f0910000, 0x00000000f0910000, 0x00000000f0a30000)
 tenured generation   total 22992K, used 19339K [0x00000000f5550000, 0x00000000f6bc4000, 0x0000000100000000)
   the space 22992K,  84% used [0x00000000f5550000, 0x00000000f6832d78, 0x00000000f6832e00, 0x00000000f6bc4000)
 Metaspace       used 35725K, committed 36096K, reserved 1089536K
  class space    used 3561K, committed 3776K, reserved 1048576K
GC Heap History (20 events):
Event: 2243277.984 GC heap before
{Heap before GC invocations=298 (full 2):
 def new generation   total 10432K, used 9452K [0x00000000f0000000, 0x00000000f0b50000, 0x00000000f5550000)
  eden space 9280K, 100% used [0x00000000f0000000, 0x00000000f0910000, 0x00000000f0910000)
  from space 1152K,  14% used [0x00000000f0a30000, 0x00000000f0a5b0e8, 0x00000000f0b50000)
  to   space 1152K,   0% used [0x00000000f0910000, 0x00000000f0910000, 0x00000000f0a30000)
 tenured generation   total 22992K, used 19291K [0x00000000f5550000, 0x00000000f6bc4000, 0x0000000100000000)
   the space 22992K,  83% used [0x00000000f5550000, 0x00000000f6826c68, 0x00000000f6826e00, 0x00000000f6bc4000)
 Metaspace       used 35670K, committed 36096K, reserved 1089536K
  class space    used 3561K, committed 3776K, reserved 1048576K
}
Event: 2243277.985 GC heap after
{Heap after GC invocations=299 (full 2):
 def new generation   total 10432K, used 129K [0x00000000f0000000, 0x00000000f0b50000, 0x00000000f5550000)
  eden space 9280K,   0% used [0x00000000f0000000, 0x00000000f0000000, 0x00000000f0910000)
  from space 1152K,  11% used [0x00000000f0910000, 0x00000000f09306c8, 0x00000000f0a30000)
  to   space 1152K,   0% used [0x00000000f0a30000, 0x00000000f0a30000, 0x00000000f0b50000)
 tenured generation   total 22992K, used 19293K [0x00000000f5550000, 0x00000000f6bc4000, 0x0000000100000000)
   the space 22992K,  83% used [0x00000000f5550000, 0x00000000f6827568, 0x00000000f6827600, 0x00000000f6bc4000)
 Metaspace       used 35670K, committed 36096K, reserved 1089536K
  class space    used 3561K, committed 3776K, reserved 1048576K
}
Event: 2251390.339 GC heap before
{Heap before GC invocations=299 (full 2):
 def new generation   total 10432K, used 9409K [0x00000000f0000000, 0x00000000f0b50000, 0x00000000f5550000)
  eden space 9280K, 100% used [0x00000000f0000000, 0x00000000f0910000, 0x00000000f0910000)
  from space 1152K,  11% used [0x00000000f0910000, 0x00000000f09306c8, 0x00000000f0a30000)
  to   space 1152K,   0% used [0x00000000f0a30000, 0x00000000f0a30000, 0x00000000f0b50000)
 tenured generation   total 22992K, used 19293K [0x00000000f5550000, 0x00000000f6bc4000, 0x0000000100000000)
   the space 22992K,  83% used [0x00000000f5550000, 0x00000000f6827568, 0x00000000f6827600, 0x00000000f6bc4000)
 Metaspace       used 35670K, committed 36096K, reserved 1089536K
  class space    used 3561K, committed 3776K, reserved 1048576K
}
Event: 2251390.342 GC heap after
{Heap after GC invocations=300 (full 2):
 def new generation   total 10432K, used 170K [0x00000000f0000000, 0x00000000f0b50000, 0x00000000f5550000)
  eden space 9280K,   0% used [0x00000000f0000000, 0x00000000f0000000, 0x00000000f0910000)
  from space 1152K,  14% used [0x00000000f0a30000, 0x00000000f0a5ab60, 0x00000000f0b50000)
  to   space 1152K,   0% used [0x00000000f0910000, 0x00000000f0910000, 0x00000000f0a30000)
 tenured generation   total 22992K, used 19294K [0x00000000f5550000, 0x00000000f6bc4000, 0x0000000100000000)
   the space 22992K,  83% used [0x00000000f5550000, 0x00000000f6827a80, 0x00000000f6827c00, 0x00000000f6bc4000)
 Metaspace       used 35670K, committed 36096K, reserved 1089536K
  class space    used 3561K, committed 3776K, reserved 1048576K
}
Event: 2256950.558 GC heap before
{Heap before GC invocations=300 (full 2):
 def new generation   total 10432K, used 9450K [0x00000000f0000000, 0x00000000f0b50000, 0x00000000f5550000)
  eden space 9280K, 100% used [0x00000000f0000000, 0x00000000f0910000, 0x00000000f0910000)
  from space 1152K,  14% used [0x00000000f0a30000, 0x00000000f0a5ab60, 0x00000000f0b50000)
  to   space 1152K,   0% used [0x00000000f0910000, 0x00000000f0910000, 0x00000000f0a30000)
 tenured generation   total 22992K, used 19294K [0x00000000f5550000, 0x00000000f6bc4000, 0x0000000100000000)
   the space 22992K,  83% used [0x00000000f5550000, 0x00000000f6827a80, 0x00000000f6827c00, 0x00000000f6bc4000)
 Metaspace       used 35702K, committed 36096K, reserved 1089536K
  class space    used 3561K, committed 3776K, reserved 1048576K
}
Event: 2256950.560 GC heap after
{Heap after GC invocations=301 (full 2):
 def new generation   total 10432K, used 278K [0x00000000f0000000, 0x00000000f0b50000, 0x00000000f5550000)
  eden space 9280K,   0% used [0x00000000f0000000, 0x00000000f0000000, 0x00000000f0910000)
  from space 1152K,  24% used [0x00000000f0910000, 0x00000000f0955b30, 0x00000000f0a30000)
  to   space 1152K,   0% used [0x00000000f0a30000, 0x00000000f0a30000, 0x00000000f0b50000)
 tenured generation   total 22992K, used 19296K [0x00000000f5550000, 0x00000000f6bc4000, 0x0000000100000000)
   the space 22992K,  83% used [0x00000000f5550000, 0x00000000f68281b0, 0x00000000f6828200, 0x00000000f6bc4000)
 Metaspace       used 35702K, committed 36096K, reserved 1089536K
  class space    used 3561K, committed 3776K, reserved 1048576K
}
Event: 2266510.939 GC heap before
{Heap before GC invocations=301 (full 2):
 def new generation   total 10432K, used 9558K [0x00000000f0000000, 0x00000000f0b50000, 0x00000000f5550000)
  eden space 9280K, 100% used [0x00000000f0000000, 0x00000000f0910000, 0x00000000f0910000)
  from space 1152K,  24% used [0x00000000f0910000, 0x00000000f0955b30, 0x00000000f0a30000)
  to   space 1152K,   0% used [0x00000000f0a30000, 0x00000000f0a30000, 0x00000000f0b50000)
 tenured generation   total 22992K, used 19296K [0x00000000f5550000, 0x00000000f6bc4000, 0x0000000100000000)
   the space 22992K,  83% used [0x00000000f5550000, 0x00000000f68281b0, 0x00000000f6828200, 0x00000000f6bc4000)
 Metaspace       used 35705K, committed 36096K, reserved 1089536K
  class space    used 3561K, committed 3776K, reserved 1048576K
}
Event: 2266510.940 GC heap after
{Heap after GC invocations=302 (full 2):
 def new generation   total 10432K, used 213K [0x00000000f0000000, 0x00000000f0b50000, 0x00000000f5550000)
  eden space 9280K,   0% used [0x00000000f0000000, 0x00000000f0000000, 0x00000000f0910000)
  from space 1152K,  18% used [0x00000000f0a30000, 0x00000000f0a65650, 0x00000000f0b50000)
  to   space 1152K,   0% used [0x00000000f0910000, 0x00000000f0910000, 0x00000000f0a30000)
 tenured generation   total 22992K, used 19297K [0x00000000f5550000, 0x00000000f6bc4000, 0x0000000100000000)
   the space 22992K,  83% used [0x00000000f5550000, 0x00000000f6828480, 0x00000000f6828600, 0x00000000f6bc4000)
 Metaspace       used 35705K, committed 36096K, reserved 1089536K
  class space    used 3561K, committed 3776K, reserved 1048576K
}
Event: 2277016.318 GC heap before
{Heap before GC invocations=302 (full 2):
 def new generation   total 10432K, used 9493K [0x00000000f0000000, 0x00000000f0b50000, 0x00000000f5550000)
  eden space 9280K, 100% used [0x00000000f0000000, 0x00000000f0910000, 0x00000000f0910000)
  from space 1152K,  18% used [0x00000000f0a30000, 0x00000000f0a65650, 0x00000000f0b50000)
  to   space 1152K,   0% used [0x00000000f0910000, 0x00000000f0910000, 0x00000000f0a30000)
 tenured generation   total 22992K, used 19297K [0x00000000f5550000, 0x00000000f6bc4000, 0x0000000100000000)
   the space 22992K,  83% used [0x00000000f5550000, 0x00000000f6828480, 0x00000000f6828600, 0x00000000f6bc4000)
 Metaspace       used 35705K, committed 36096K, reserved 1089536K
  class space    used 3561K, committed 3776K, reserved 1048576K
}
Event: 2277016.326 GC heap after
{Heap after GC invocations=303 (full 2):
 def new generation   total 10432K, used 184K [0x00000000f0000000, 0x00000000f0b50000, 0x00000000f5550000)
  eden space 9280K,   0% used [0x00000000f0000000, 0x00000000f0000000, 0x00000000f0910000)
  from space 1152K,  16% used [0x00000000f0910000, 0x00000000f093e1d0, 0x00000000f0a30000)
  to   space 1152K,   0% used [0x00000000f0a30000, 0x00000000f0a30000, 0x00000000f0b50000)
 tenured generation   total 22992K, used 19297K [0x00000000f5550000, 0x00000000f6bc4000, 0x0000000100000000)
   the space 22992K,  83% used [0x00000000f5550000, 0x00000000f68285f8, 0x00000000f6828600, 0x00000000f6bc4000)
 Metaspace       used 35705K, committed 36096K, reserved 1089536K
  class space    used 3561K, committed 3776K, reserved 1048576K
}
Event: 2284166.931 GC heap before
{Heap before GC invocations=303 (full 2):
 def new generation   total 10432K, used 9464K [0x00000000f0000000, 0x00000000f0b50000, 0x00000000f5550000)
  eden space 9280K, 100% used [0x00000000f0000000, 0x00000000f0910000, 0x00000000f0910000)
  from space 1152K,  16% used [0x00000000f0910000, 0x00000000f093e1d0, 0x00000000f0a30000)
  to   space 1152K,   0% used [0x00000000f0a30000, 0x00000000f0a30000, 0x00000000f0b50000)
 tenured generation   total 22992K, used 19297K [0x00000000f5550000, 0x00000000f6bc4000, 0x0000000100000000)
   the space 22992K,  83% used [0x00000000f5550000, 0x00000000f68285f8, 0x00000000f6828600, 0x00000000f6bc4000)
 Metaspace       used 35708K, committed 36096K, reserved 1089536K
  class space    used 3561K, committed 3776K, reserved 1048576K
}
Event: 2284166.935 GC heap after
{Heap after GC invocations=304 (full 2):
 def new generation   total 10432K, used 178K [0x00000000f0000000, 0x00000000f0b50000, 0x00000000f5550000)
  eden space 9280K,   0% used [0x00000000f0000000, 0x00000000f0000000, 0x00000000f0910000)
  from space 1152K,  15% used [0x00000000f0a30000, 0x00000000f0a5ca20, 0x00000000f0b50000)
  to   space 1152K,   0% used [0x00000000f0910000, 0x00000000f0910000, 0x00000000f0a30000)
 tenured generation   total 22992K, used 19297K [0x00000000f5550000, 0x00000000f6bc4000, 0x0000000100000000)
   the space 22992K,  83% used [0x00000000f5550000, 0x00000000f68286b8, 0x00000000f6828800, 0x00000000f6bc4000)
 Metaspace       used 35708K, committed 36096K, reserved 1089536K
  class space    used 3561K, committed 3776K, reserved 1048576K
}
Event: 2295882.050 GC heap before
{Heap before GC invocations=304 (full 2):
 def new generation   total 10432K, used 9458K [0x00000000f0000000, 0x00000000f0b50000, 0x00000000f5550000)
  eden space 9280K,  99% used [0x00000000f0000000, 0x00000000f090ffd8, 0x00000000f0910000)
  from space 1152K,  15% used [0x00000000f0a30000, 0x00000000f0a5ca20, 0x00000000f0b50000)
  to   space 1152K,   0% used [0x00000000f0910000, 0x00000000f0910000, 0x00000000f0a30000)
 tenured generation   total 22992K, used 19297K [0x00000000f5550000, 0x00000000f6bc4000, 0x0000000100000000)
   the space 22992K,  83% used [0x00000000f5550000, 0x00000000f68286b8, 0x00000000f6828800, 0x00000000f6bc4000)
 Metaspace       used 35708K, committed 36096K, reserved 1089536K
  class space    used 3561K, committed 3776K, reserved 1048576K
}
Event: 2295882.051 GC heap after
{Heap after GC invocations=305 (full 2):
 def new generation   total 10432K, used 132K [0x00000000f0000000, 0x00000000f0b50000, 0x00000000f5550000)
  eden space 9280K,   0% used [0x00000000f0000000, 0x00000000f0000000, 0x00000000f0910000)
  from space 1152K,  11% used [0x00000000f0910000, 0x00000000f0931128, 0x00000000f0a30000)
  to   space 1152K,   0% used [0x00000000f0a30000, 0x00000000f0a30000, 0x00000000f0b50000)
 tenured generation   total 22992K, used 19337K [0x00000000f5550000, 0x00000000f6bc4000, 0x0000000100000000)
   the space 22992K,  84% used [0x00000000f5550000, 0x00000000f6832628, 0x00000000f6832800, 0x00000000f6bc4000)
 Metaspace       used 35708K, committed 36096K, reserved 1089536K
  class space    used 3561K, committed 3776K, reserved 1048576K
}
Event: 2302381.742 GC heap before
{Heap before GC invocations=305 (full 2):
 def new generation   total 10432K, used 9412K [0x00000000f0000000, 0x00000000f0b50000, 0x00000000f5550000)
  eden space 9280K, 100% used [0x00000000f0000000, 0x00000000f0910000, 0x00000000f0910000)
  from space 1152K,  11% used [0x00000000f0910000, 0x00000000f0931128, 0x00000000f0a30000)
  to   space 1152K,   0% used [0x00000000f0a30000, 0x00000000f0a30000, 0x00000000f0b50000)
 tenured generation   total 22992K, used 19337K [0x00000000f5550000, 0x00000000f6bc4000, 0x0000000100000000)
   the space 22992K,  84% used [0x00000000f5550000, 0x00000000f6832628, 0x00000000f6832800, 0x00000000f6bc4000)
 Metaspace       used 35724K, committed 36096K, reserved 1089536K
  class space    used 3561K, committed 3776K, reserved 1048576K
}
Event: 2302381.746 GC heap after
{Heap after GC invocations=306 (full 2):
 def new generation   total 10432K, used 179K [0x00000000f0000000, 0x00000000f0b50000, 0x00000000f5550000)
  eden space 9280K,   0% used [0x00000000f0000000, 0x00000000f0000000, 0x00000000f0910000)
  from space 1152K,  15% used [0x00000000f0a30000, 0x00000000f0a5cf68, 0x00000000f0b50000)
  to   space 1152K,   0% used [0x00000000f0910000, 0x00000000f0910000, 0x00000000f0a30000)
 tenured generation   total 22992K, used 19338K [0x00000000f5550000, 0x00000000f6bc4000, 0x0000000100000000)
   the space 22992K,  84% used [0x00000000f5550000, 0x00000000f68329d8, 0x00000000f6832a00, 0x00000000f6bc4000)
 Metaspace       used 35724K, committed 36096K, reserved 1089536K
  class space    used 3561K, committed 3776K, reserved 1048576K
}
Event: 2309590.925 GC heap before
{Heap before GC invocations=306 (full 2):
 def new generation   total 10432K, used 9459K [0x00000000f0000000, 0x00000000f0b50000, 0x00000000f5550000)
  eden space 9280K,  99% used [0x00000000f0000000, 0x00000000f090ffe8, 0x00000000f0910000)
  from space 1152K,  15% used [0x00000000f0a30000, 0x00000000f0a5cf68, 0x00000000f0b50000)
  to   space 1152K,   0% used [0x00000000f0910000, 0x00000000f0910000, 0x00000000f0a30000)
 tenured generation   total 22992K, used 19338K [0x00000000f5550000, 0x00000000f6bc4000, 0x0000000100000000)
   the space 22992K,  84% used [0x00000000f5550000, 0x00000000f68329d8, 0x00000000f6832a00, 0x00000000f6bc4000)
 Metaspace       used 35725K, committed 36096K, reserved 1089536K
  class space    used 3561K, committed 3776K, reserved 1048576K
}
Event: 2309590.929 GC heap after
{Heap after GC invocations=307 (full 2):
 def new generation   total 10432K, used 267K [0x00000000f0000000, 0x00000000f0b50000, 0x00000000f5550000)
  eden space 9280K,   0% used [0x00000000f0000000, 0x00000000f0000000, 0x00000000f0910000)
  from space 1152K,  23% used [0x00000000f0910000, 0x00000000f0952ea0, 0x00000000f0a30000)
  to   space 1152K,   0% used [0x00000000f0a30000, 0x00000000f0a30000, 0x00000000f0b50000)
 tenured generation   total 22992K, used 19338K [0x00000000f5550000, 0x00000000f6bc4000, 0x0000000100000000)
   the space 22992K,  84% used [0x00000000f5550000, 0x00000000f6832a20, 0x00000000f6832c00, 0x00000000f6bc4000)
 Metaspace       used 35725K, committed 36096K, reserved 1089536K
  class space    used 3561K, committed 3776K, reserved 1048576K
}
Event: 2320429.201 GC heap before
{Heap before GC invocations=307 (full 2):
 def new generation   total 10432K, used 9547K [0x00000000f0000000, 0x00000000f0b50000, 0x00000000f5550000)
  eden space 9280K, 100% used [0x00000000f0000000, 0x00000000f0910000, 0x00000000f0910000)
  from space 1152K,  23% used [0x00000000f0910000, 0x00000000f0952ea0, 0x00000000f0a30000)
  to   space 1152K,   0% used [0x00000000f0a30000, 0x00000000f0a30000, 0x00000000f0b50000)
 tenured generation   total 22992K, used 19338K [0x00000000f5550000, 0x00000000f6bc4000, 0x0000000100000000)
   the space 22992K,  84% used [0x00000000f5550000, 0x00000000f6832a20, 0x00000000f6832c00, 0x00000000f6bc4000)
 Metaspace       used 35725K, committed 36096K, reserved 1089536K
  class space    used 3561K, committed 3776K, reserved 1048576K
}
Event: 2320429.205 GC heap after
{Heap after GC invocations=308 (full 2):
 def new generation   total 10432K, used 175K [0x00000000f0000000, 0x00000000f0b50000, 0x00000000f5550000)
  eden space 9280K,   0% used [0x00000000f0000000, 0x00000000f0000000, 0x00000000f0910000)
  from space 1152K,  15% used [0x00000000f0a30000, 0x00000000f0a5bfa8, 0x00000000f0b50000)
  to   space 1152K,   0% used [0x00000000f0910000, 0x00000000f0910000, 0x00000000f0a30000)
 tenured generation   total 22992K, used 19339K [0x00000000f5550000, 0x00000000f6bc4000, 0x0000000100000000)
   the space 22992K,  84% used [0x00000000f5550000, 0x00000000f6832d78, 0x00000000f6832e00, 0x00000000f6bc4000)
 Metaspace       used 35725K, committed 36096K, reserved 1089536K
  class space    used 3561K, committed 3776K, reserved 1048576K
}

